<?xml version="1.0" encoding="UTF-8" ?>
<testsuites errors="0"
            failures="1"
            tests="1">

  <testsuite name="first"
    errors="0" failures="1" hostname="" id="" package="first" skipped="0"
    tests="1" time="1.977" timestamp="">
  
    <testcase name="Host Welcome Page Test" classname="first" time="1.977" assertions="11">

    

    

    

    

    

    

    

    

    

      <failure message="Visual regression test results for element &lt;body&gt; in 1000 ms. - expected [0;32m&#34;true&#34;[0m but got: [0;31m&#34;/home/ss269/Desktop/true-work-dir/uw-foodalert/vrt/diff/first/Host Welcome Page Test/h-welcome.png&#34;[0m">    at Object.Host Welcome Page Test (/home/ss269/Desktop/true-work-dir/uw-foodalert/foodalert/static/foodalert/js/tests/first.js:26:20)
    at process._tickCallback (internal/process/next_tick.js:68:7)</failure>

    <failure message="    at Object.Host Welcome Page Test (/home/ss269/Desktop/true-work-dir/uw-foodalert/foodalert/static/foodalert/js/tests/first.js:26:20)">    at process._tickCallback (internal/process/next_tick.js:68:7)</failure>
    </testcase>
  

  

  
  </testsuite>
</testsuites>
